Determining if the include file pthread.h exists failed with the following output:
Change Dir: D:/c++/snek_cpp/builds/CMakeFiles/CMakeTmp

Run Build Command:"C:/Program Files (x86)/Microsoft Visual Studio/2017/Community/MSBuild/15.0/Bin/MSBuild.exe" "cmTC_3b179.vcxproj" "/p:Configuration=Debug" "/p:Platform=Win32" "/p:VisualStudioVersion=15.0"
Microsoft (R) Build Engine version 15.9.20+g88f5fadfbe for .NET Framework
Copyright (C) Microsoft Corporation. All rights reserved.

Build started 14.02.2019 11:38:48.
Project "D:\c++\snek_cpp\builds\CMakeFiles\CMakeTmp\cmTC_3b179.vcxproj" on node 1 (default targets).
PrepareForBuild:
  Creating directory "cmTC_3b179.dir\Debug\".
  Creating directory "D:\c++\snek_cpp\builds\CMakeFiles\CMakeTmp\Debug\".
  Creating directory "cmTC_3b179.dir\Debug\cmTC_3b179.tlog\".
InitializeBuildStatus:
  Creating "cmTC_3b179.dir\Debug\cmTC_3b179.tlog\unsuccessfulbuild" because "AlwaysCreate" was specified.
ClCompile:
  C:\Program Files (x86)\Microsoft Visual Studio\2017\Community\VC\Tools\MSVC\14.16.27023\bin\HostX86\x86\CL.exe /c /Zi /W3 /WX- /diagnostics:classic /Od /Ob0 /Oy- /D WIN32 /D _WINDOWS /D "CMAKE_INTDIR=\"Debug\"" /D _MBCS /Gm- /RTC1 /MDd /GS /fp:precise /Zc:wchar_t /Zc:forScope /Zc:inline /Fo"cmTC_3b179.dir\Debug\\" /Fd"cmTC_3b179.dir\Debug\vc141.pdb" /Gd /TC /analyze- /errorReport:queue D:\c++\snek_cpp\builds\CMakeFiles\CMakeTmp\CheckIncludeFile.c
  Microsoft (R) C/C++ Optimizing Compiler Version 19.16.27024.1 for x86
  Copyright (C) Microsoft Corporation.  All rights reserved.
  
  CheckIncludeFile.c
  cl /c /Zi /W3 /WX- /diagnostics:classic /Od /Ob0 /Oy- /D WIN32 /D _WINDOWS /D "CMAKE_INTDIR=\"Debug\"" /D _MBCS /Gm- /RTC1 /MDd /GS /fp:precise /Zc:wchar_t /Zc:forScope /Zc:inline /Fo"cmTC_3b179.dir\Debug\\" /Fd"cmTC_3b179.dir\Debug\vc141.pdb" /Gd /TC /analyze- /errorReport:queue D:\c++\snek_cpp\builds\CMakeFiles\CMakeTmp\CheckIncludeFile.c
  
D:\c++\snek_cpp\builds\CMakeFiles\CMakeTmp\CheckIncludeFile.c(1): fatal error C1083: Cannot open include file: 'pthread.h': No such file or directory [D:\c++\snek_cpp\builds\CMakeFiles\CMakeTmp\cmTC_3b179.vcxproj]
Done Building Project "D:\c++\snek_cpp\builds\CMakeFiles\CMakeTmp\cmTC_3b179.vcxproj" (default targets) -- FAILED.

Build FAILED.

"D:\c++\snek_cpp\builds\CMakeFiles\CMakeTmp\cmTC_3b179.vcxproj" (default target) (1) ->
(ClCompile target) -> 
  D:\c++\snek_cpp\builds\CMakeFiles\CMakeTmp\CheckIncludeFile.c(1): fatal error C1083: Cannot open include file: 'pthread.h': No such file or directory [D:\c++\snek_cpp\builds\CMakeFiles\CMakeTmp\cmTC_3b179.vcxproj]

    0 Warning(s)
    1 Error(s)

Time Elapsed 00:00:01.09


Determining size of off64_t failed with the following output:
Change Dir: D:/c++/snek_cpp/builds/CMakeFiles/CMakeTmp

Run Build Command:"C:/Program Files (x86)/Microsoft Visual Studio/2017/Community/MSBuild/15.0/Bin/MSBuild.exe" "cmTC_5fde7.vcxproj" "/p:Configuration=Debug" "/p:Platform=Win32" "/p:VisualStudioVersion=15.0"
Microsoft (R) Build Engine version 15.9.20+g88f5fadfbe for .NET Framework
Copyright (C) Microsoft Corporation. All rights reserved.

Build started 14.02.2019 11:38:56.
Project "D:\c++\snek_cpp\builds\CMakeFiles\CMakeTmp\cmTC_5fde7.vcxproj" on node 1 (default targets).
PrepareForBuild:
  Creating directory "cmTC_5fde7.dir\Debug\".
  Creating directory "D:\c++\snek_cpp\builds\CMakeFiles\CMakeTmp\Debug\".
  Creating directory "cmTC_5fde7.dir\Debug\cmTC_5fde7.tlog\".
InitializeBuildStatus:
  Creating "cmTC_5fde7.dir\Debug\cmTC_5fde7.tlog\unsuccessfulbuild" because "AlwaysCreate" was specified.
ClCompile:
  C:\Program Files (x86)\Microsoft Visual Studio\2017\Community\VC\Tools\MSVC\14.16.27023\bin\HostX86\x86\CL.exe /c /Zi /W3 /WX- /diagnostics:classic /Od /Ob0 /Oy- /D WIN32 /D _WINDOWS /D _LARGEFILE64_SOURCE=1 /D HAVE_SYS_TYPES_H /D HAVE_STDINT_H /D HAVE_STDDEF_H /D "CMAKE_INTDIR=\"Debug\"" /D _MBCS /Gm- /RTC1 /MDd /GS /fp:precise /Zc:wchar_t /Zc:forScope /Zc:inline /Fo"cmTC_5fde7.dir\Debug\\" /Fd"cmTC_5fde7.dir\Debug\vc141.pdb" /Gd /TC /analyze- /errorReport:queue D:\c++\snek_cpp\builds\CMakeFiles\CheckTypeSize\OFF64_T.c
  Microsoft (R) C/C++ Optimizing Compiler Version 19.16.27024.1 for x86
  Copyright (C) Microsoft Corporation.  All rights reserved.
  
  OFF64_T.c
  cl /c /Zi /W3 /WX- /diagnostics:classic /Od /Ob0 /Oy- /D WIN32 /D _WINDOWS /D _LARGEFILE64_SOURCE=1 /D HAVE_SYS_TYPES_H /D HAVE_STDINT_H /D HAVE_STDDEF_H /D "CMAKE_INTDIR=\"Debug\"" /D _MBCS /Gm- /RTC1 /MDd /GS /fp:precise /Zc:wchar_t /Zc:forScope /Zc:inline /Fo"cmTC_5fde7.dir\Debug\\" /Fd"cmTC_5fde7.dir\Debug\vc141.pdb" /Gd /TC /analyze- /errorReport:queue D:\c++\snek_cpp\builds\CMakeFiles\CheckTypeSize\OFF64_T.c
  
D:\c++\snek_cpp\builds\CMakeFiles\CheckTypeSize\OFF64_T.c(25): error C2065: 'off64_t': undeclared identifier [D:\c++\snek_cpp\builds\CMakeFiles\CMakeTmp\cmTC_5fde7.vcxproj]
D:\c++\snek_cpp\builds\CMakeFiles\CheckTypeSize\OFF64_T.c(26): error C2065: 'off64_t': undeclared identifier [D:\c++\snek_cpp\builds\CMakeFiles\CMakeTmp\cmTC_5fde7.vcxproj]
D:\c++\snek_cpp\builds\CMakeFiles\CheckTypeSize\OFF64_T.c(27): error C2065: 'off64_t': undeclared identifier [D:\c++\snek_cpp\builds\CMakeFiles\CMakeTmp\cmTC_5fde7.vcxproj]
D:\c++\snek_cpp\builds\CMakeFiles\CheckTypeSize\OFF64_T.c(28): error C2065: 'off64_t': undeclared identifier [D:\c++\snek_cpp\builds\CMakeFiles\CMakeTmp\cmTC_5fde7.vcxproj]
D:\c++\snek_cpp\builds\CMakeFiles\CheckTypeSize\OFF64_T.c(29): error C2065: 'off64_t': undeclared identifier [D:\c++\snek_cpp\builds\CMakeFiles\CMakeTmp\cmTC_5fde7.vcxproj]
Done Building Project "D:\c++\snek_cpp\builds\CMakeFiles\CMakeTmp\cmTC_5fde7.vcxproj" (default targets) -- FAILED.

Build FAILED.

"D:\c++\snek_cpp\builds\CMakeFiles\CMakeTmp\cmTC_5fde7.vcxproj" (default target) (1) ->
(ClCompile target) -> 
  D:\c++\snek_cpp\builds\CMakeFiles\CheckTypeSize\OFF64_T.c(25): error C2065: 'off64_t': undeclared identifier [D:\c++\snek_cpp\builds\CMakeFiles\CMakeTmp\cmTC_5fde7.vcxproj]
  D:\c++\snek_cpp\builds\CMakeFiles\CheckTypeSize\OFF64_T.c(26): error C2065: 'off64_t': undeclared identifier [D:\c++\snek_cpp\builds\CMakeFiles\CMakeTmp\cmTC_5fde7.vcxproj]
  D:\c++\snek_cpp\builds\CMakeFiles\CheckTypeSize\OFF64_T.c(27): error C2065: 'off64_t': undeclared identifier [D:\c++\snek_cpp\builds\CMakeFiles\CMakeTmp\cmTC_5fde7.vcxproj]
  D:\c++\snek_cpp\builds\CMakeFiles\CheckTypeSize\OFF64_T.c(28): error C2065: 'off64_t': undeclared identifier [D:\c++\snek_cpp\builds\CMakeFiles\CMakeTmp\cmTC_5fde7.vcxproj]
  D:\c++\snek_cpp\builds\CMakeFiles\CheckTypeSize\OFF64_T.c(29): error C2065: 'off64_t': undeclared identifier [D:\c++\snek_cpp\builds\CMakeFiles\CMakeTmp\cmTC_5fde7.vcxproj]

    0 Warning(s)
    5 Error(s)

Time Elapsed 00:00:01.09

D:/c++/snek_cpp/builds/CMakeFiles/CheckTypeSize/OFF64_T.c:
#include <sys/types.h>
#include <stdint.h>
#include <stddef.h>


#undef KEY
#if defined(__i386)
# define KEY '_','_','i','3','8','6'
#elif defined(__x86_64)
# define KEY '_','_','x','8','6','_','6','4'
#elif defined(__ppc__)
# define KEY '_','_','p','p','c','_','_'
#elif defined(__ppc64__)
# define KEY '_','_','p','p','c','6','4','_','_'
#elif defined(__aarch64__)
# define KEY '_','_','a','a','r','c','h','6','4','_','_'
#elif defined(__ARM_ARCH_7A__)
# define KEY '_','_','A','R','M','_','A','R','C','H','_','7','A','_','_'
#elif defined(__ARM_ARCH_7S__)
# define KEY '_','_','A','R','M','_','A','R','C','H','_','7','S','_','_'
#endif

#define SIZE (sizeof(off64_t))
char info_size[] =  {'I', 'N', 'F', 'O', ':', 's','i','z','e','[',
  ('0' + ((SIZE / 10000)%10)),
  ('0' + ((SIZE / 1000)%10)),
  ('0' + ((SIZE / 100)%10)),
  ('0' + ((SIZE / 10)%10)),
  ('0' +  (SIZE    % 10)),
  ']',
#ifdef KEY
  ' ','k','e','y','[', KEY, ']',
#endif
  '\0'};

#ifdef __CLASSIC_C__
int main(argc, argv) int argc; char *argv[];
#else
int main(int argc, char *argv[])
#endif
{
  int require = 0;
  require += info_size[argc];
  (void)argv;
  return require;
}


Determining if the function fseeko exists failed with the following output:
Change Dir: D:/c++/snek_cpp/builds/CMakeFiles/CMakeTmp

Run Build Command:"C:/Program Files (x86)/Microsoft Visual Studio/2017/Community/MSBuild/15.0/Bin/MSBuild.exe" "cmTC_8d3e0.vcxproj" "/p:Configuration=Debug" "/p:Platform=Win32" "/p:VisualStudioVersion=15.0"
Microsoft (R) Build Engine version 15.9.20+g88f5fadfbe for .NET Framework
Copyright (C) Microsoft Corporation. All rights reserved.

Build started 14.02.2019 11:38:58.
Project "D:\c++\snek_cpp\builds\CMakeFiles\CMakeTmp\cmTC_8d3e0.vcxproj" on node 1 (default targets).
PrepareForBuild:
  Creating directory "cmTC_8d3e0.dir\Debug\".
  Creating directory "D:\c++\snek_cpp\builds\CMakeFiles\CMakeTmp\Debug\".
  Creating directory "cmTC_8d3e0.dir\Debug\cmTC_8d3e0.tlog\".
InitializeBuildStatus:
  Creating "cmTC_8d3e0.dir\Debug\cmTC_8d3e0.tlog\unsuccessfulbuild" because "AlwaysCreate" was specified.
ClCompile:
  C:\Program Files (x86)\Microsoft Visual Studio\2017\Community\VC\Tools\MSVC\14.16.27023\bin\HostX86\x86\CL.exe /c /Zi /W3 /WX- /diagnostics:classic /Od /Ob0 /Oy- /D WIN32 /D _WINDOWS /D CHECK_FUNCTION_EXISTS=fseeko /D "CMAKE_INTDIR=\"Debug\"" /D _MBCS /Gm- /RTC1 /MDd /GS /fp:precise /Zc:wchar_t /Zc:forScope /Zc:inline /Fo"cmTC_8d3e0.dir\Debug\\" /Fd"cmTC_8d3e0.dir\Debug\vc141.pdb" /Gd /TC /analyze- /errorReport:queue "D:\CMake\share\cmake-3.13\Modules\CheckFunctionExists.c"
  Microsoft (R) C/C++ Optimizing Compiler Version 19.16.27024.1 for x86
  Copyright (C) Microsoft Corporation.  All rights reserved.
  
  CheckFunctionExists.c
  cl /c /Zi /W3 /WX- /diagnostics:classic /Od /Ob0 /Oy- /D WIN32 /D _WINDOWS /D CHECK_FUNCTION_EXISTS=fseeko /D "CMAKE_INTDIR=\"Debug\"" /D _MBCS /Gm- /RTC1 /MDd /GS /fp:precise /Zc:wchar_t /Zc:forScope /Zc:inline /Fo"cmTC_8d3e0.dir\Debug\\" /Fd"cmTC_8d3e0.dir\Debug\vc141.pdb" /Gd /TC /analyze- /errorReport:queue "D:\CMake\share\cmake-3.13\Modules\CheckFunctionExists.c"
  
Link:
  C:\Program Files (x86)\Microsoft Visual Studio\2017\Community\VC\Tools\MSVC\14.16.27023\bin\HostX86\x86\link.exe /ERRORREPORT:QUEUE /OUT:"D:\c++\snek_cpp\builds\CMakeFiles\CMakeTmp\Debug\cmTC_8d3e0.exe" /INCREMENTAL /NOLOGO kernel32.lib user32.lib gdi32.lib winspool.lib shell32.lib ole32.lib oleaut32.lib uuid.lib comdlg32.lib advapi32.lib /MANIFEST /MANIFESTUAC:"level='asInvoker' uiAccess='false'" /manifest:embed /DEBUG /PDB:"D:/c++/snek_cpp/builds/CMakeFiles/CMakeTmp/Debug/cmTC_8d3e0.pdb" /SUBSYSTEM:CONSOLE /TLBID:1 /DYNAMICBASE /NXCOMPAT /IMPLIB:"D:/c++/snek_cpp/builds/CMakeFiles/CMakeTmp/Debug/cmTC_8d3e0.lib" /MACHINE:X86 /SAFESEH  /machine:X86 cmTC_8d3e0.dir\Debug\CheckFunctionExists.obj
CheckFunctionExists.obj : error LNK2019: unresolved external symbol _fseeko referenced in function _main [D:\c++\snek_cpp\builds\CMakeFiles\CMakeTmp\cmTC_8d3e0.vcxproj]
D:\c++\snek_cpp\builds\CMakeFiles\CMakeTmp\Debug\cmTC_8d3e0.exe : fatal error LNK1120: 1 unresolved externals [D:\c++\snek_cpp\builds\CMakeFiles\CMakeTmp\cmTC_8d3e0.vcxproj]
Done Building Project "D:\c++\snek_cpp\builds\CMakeFiles\CMakeTmp\cmTC_8d3e0.vcxproj" (default targets) -- FAILED.

Build FAILED.

"D:\c++\snek_cpp\builds\CMakeFiles\CMakeTmp\cmTC_8d3e0.vcxproj" (default target) (1) ->
(Link target) -> 
  CheckFunctionExists.obj : error LNK2019: unresolved external symbol _fseeko referenced in function _main [D:\c++\snek_cpp\builds\CMakeFiles\CMakeTmp\cmTC_8d3e0.vcxproj]
  D:\c++\snek_cpp\builds\CMakeFiles\CMakeTmp\Debug\cmTC_8d3e0.exe : fatal error LNK1120: 1 unresolved externals [D:\c++\snek_cpp\builds\CMakeFiles\CMakeTmp\cmTC_8d3e0.vcxproj]

    0 Warning(s)
    2 Error(s)

Time Elapsed 00:00:01.44


Determining if the include file unistd.h exists failed with the following output:
Change Dir: D:/c++/snek_cpp/builds/CMakeFiles/CMakeTmp

Run Build Command:"C:/Program Files (x86)/Microsoft Visual Studio/2017/Community/MSBuild/15.0/Bin/MSBuild.exe" "cmTC_0d66d.vcxproj" "/p:Configuration=Debug" "/p:Platform=Win32" "/p:VisualStudioVersion=15.0"
Microsoft (R) Build Engine version 15.9.20+g88f5fadfbe for .NET Framework
Copyright (C) Microsoft Corporation. All rights reserved.

Build started 14.02.2019 11:38:59.
Project "D:\c++\snek_cpp\builds\CMakeFiles\CMakeTmp\cmTC_0d66d.vcxproj" on node 1 (default targets).
PrepareForBuild:
  Creating directory "cmTC_0d66d.dir\Debug\".
  Creating directory "D:\c++\snek_cpp\builds\CMakeFiles\CMakeTmp\Debug\".
  Creating directory "cmTC_0d66d.dir\Debug\cmTC_0d66d.tlog\".
InitializeBuildStatus:
  Creating "cmTC_0d66d.dir\Debug\cmTC_0d66d.tlog\unsuccessfulbuild" because "AlwaysCreate" was specified.
ClCompile:
  C:\Program Files (x86)\Microsoft Visual Studio\2017\Community\VC\Tools\MSVC\14.16.27023\bin\HostX86\x86\CL.exe /c /Zi /W3 /WX- /diagnostics:classic /Od /Ob0 /Oy- /D WIN32 /D _WINDOWS /D "CMAKE_INTDIR=\"Debug\"" /D _MBCS /Gm- /RTC1 /MDd /GS /fp:precise /Zc:wchar_t /Zc:forScope /Zc:inline /Fo"cmTC_0d66d.dir\Debug\\" /Fd"cmTC_0d66d.dir\Debug\vc141.pdb" /Gd /TC /analyze- /errorReport:queue D:\c++\snek_cpp\builds\CMakeFiles\CMakeTmp\CheckIncludeFile.c
  Microsoft (R) C/C++ Optimizing Compiler Version 19.16.27024.1 for x86
  Copyright (C) Microsoft Corporation.  All rights reserved.
  
  CheckIncludeFile.c
  cl /c /Zi /W3 /WX- /diagnostics:classic /Od /Ob0 /Oy- /D WIN32 /D _WINDOWS /D "CMAKE_INTDIR=\"Debug\"" /D _MBCS /Gm- /RTC1 /MDd /GS /fp:precise /Zc:wchar_t /Zc:forScope /Zc:inline /Fo"cmTC_0d66d.dir\Debug\\" /Fd"cmTC_0d66d.dir\Debug\vc141.pdb" /Gd /TC /analyze- /errorReport:queue D:\c++\snek_cpp\builds\CMakeFiles\CMakeTmp\CheckIncludeFile.c
  
D:\c++\snek_cpp\builds\CMakeFiles\CMakeTmp\CheckIncludeFile.c(1): fatal error C1083: Cannot open include file: 'unistd.h': No such file or directory [D:\c++\snek_cpp\builds\CMakeFiles\CMakeTmp\cmTC_0d66d.vcxproj]
Done Building Project "D:\c++\snek_cpp\builds\CMakeFiles\CMakeTmp\cmTC_0d66d.vcxproj" (default targets) -- FAILED.

Build FAILED.

"D:\c++\snek_cpp\builds\CMakeFiles\CMakeTmp\cmTC_0d66d.vcxproj" (default target) (1) ->
(ClCompile target) -> 
  D:\c++\snek_cpp\builds\CMakeFiles\CMakeTmp\CheckIncludeFile.c(1): fatal error C1083: Cannot open include file: 'unistd.h': No such file or directory [D:\c++\snek_cpp\builds\CMakeFiles\CMakeTmp\cmTC_0d66d.vcxproj]

    0 Warning(s)
    1 Error(s)

Time Elapsed 00:00:01.09


